<?xml version="1.0" encoding="UTF-8"?>
<!-- Generated by org.testng.reporters.JUnitReportReporter -->
<testsuite skipped="0" hostname="NLSPLLBI0034" name="com.e2e.testcases.TC003" tests="1" failures="0" timestamp="27 Jan 2019 15:09:35 GMT" time="1.482" errors="0">
  <testcase name="f" time="1.482" classname="com.e2e.testcases.TC003"/>
</testsuite> <!-- com.e2e.testcases.TC003 -->
