<?xml version="1.0" encoding="UTF-8"?>
<!-- Generated by org.testng.reporters.JUnitReportReporter -->
<testsuite skipped="0" hostname="NLSPLLBI0034" name="com.e2e.testcases.TC001" tests="1" failures="0" timestamp="27 Jan 2019 23:04:42 GMT" time="0.268" errors="0">
  <testcase name="f" time="0.268" classname="com.e2e.testcases.TC001"/>
</testsuite> <!-- com.e2e.testcases.TC001 -->
